[2025-06-15 00:05:02] Enhanced Quick Race Engine started
[2025-06-15 00:05:02] Enhanced race tables created/verified
[2025-06-15 00:05:02] No races to process at this time
[2025-06-15 00:05:02] Enhanced Quick Race Engine completed
[2025-06-15 00:10:03] Enhanced Quick Race Engine started
[2025-06-15 00:10:03] Enhanced race tables created/verified
[2025-06-15 00:10:03] No races to process at this time
[2025-06-15 00:10:03] Enhanced Quick Race Engine completed
[2025-06-15 00:15:04] Enhanced Quick Race Engine started
[2025-06-15 00:15:04] Enhanced race tables created/verified
[2025-06-15 00:15:04] No races to process at this time
[2025-06-15 00:15:04] Enhanced Quick Race Engine completed
[2025-06-15 00:20:03] Enhanced Quick Race Engine started
[2025-06-15 00:20:03] Enhanced race tables created/verified
[2025-06-15 00:20:03] No races to process at this time
[2025-06-15 00:20:03] Enhanced Quick Race Engine completed
[2025-06-15 00:25:03] Enhanced Quick Race Engine started
[2025-06-15 00:25:03] Enhanced race tables created/verified
[2025-06-15 00:25:03] No races to process at this time
[2025-06-15 00:25:03] Enhanced Quick Race Engine completed
[2025-06-15 00:30:04] Enhanced Quick Race Engine started
[2025-06-15 00:30:05] Enhanced race tables created/verified
[2025-06-15 00:30:05] No races to process at this time
[2025-06-15 00:30:05] Enhanced Quick Race Engine completed
[2025-06-15 00:35:03] Enhanced Quick Race Engine started
[2025-06-15 00:35:03] Enhanced race tables created/verified
[2025-06-15 00:35:03] No races to process at this time
[2025-06-15 00:35:03] Enhanced Quick Race Engine completed
[2025-06-15 00:40:03] Enhanced Quick Race Engine started
[2025-06-15 00:40:03] Enhanced race tables created/verified
[2025-06-15 00:40:03] No races to process at this time
[2025-06-15 00:40:03] Enhanced Quick Race Engine completed
[2025-06-15 00:45:04] Enhanced Quick Race Engine started
[2025-06-15 00:45:05] Enhanced race tables created/verified
[2025-06-15 00:45:05] No races to process at this time
[2025-06-15 00:45:05] Enhanced Quick Race Engine completed
[2025-06-15 00:50:02] Enhanced Quick Race Engine started
[2025-06-15 00:50:02] Enhanced race tables created/verified
[2025-06-15 00:50:02] No races to process at this time
[2025-06-15 00:50:02] Enhanced Quick Race Engine completed
[2025-06-15 00:55:03] Enhanced Quick Race Engine started
[2025-06-15 00:55:03] Enhanced race tables created/verified
[2025-06-15 00:55:03] No races to process at this time
[2025-06-15 00:55:03] Enhanced Quick Race Engine completed
[2025-06-15 01:00:05] Enhanced Quick Race Engine started
[2025-06-15 01:00:05] Enhanced race tables created/verified
[2025-06-15 01:00:05] No races to process at this time
[2025-06-15 01:00:05] Enhanced Quick Race Engine completed
[2025-06-15 01:05:03] Enhanced Quick Race Engine started
[2025-06-15 01:05:03] Enhanced race tables created/verified
[2025-06-15 01:05:03] No races to process at this time
[2025-06-15 01:05:03] Enhanced Quick Race Engine completed
[2025-06-15 01:10:02] Enhanced Quick Race Engine started
[2025-06-15 01:10:02] Enhanced race tables created/verified
[2025-06-15 01:10:02] No races to process at this time
[2025-06-15 01:10:02] Enhanced Quick Race Engine completed
[2025-06-15 01:15:05] Enhanced Quick Race Engine started
[2025-06-15 01:15:06] Enhanced race tables created/verified
[2025-06-15 01:15:06] No races to process at this time
[2025-06-15 01:15:06] Enhanced Quick Race Engine completed
[2025-06-15 01:20:02] Enhanced Quick Race Engine started
[2025-06-15 01:20:02] Enhanced race tables created/verified
[2025-06-15 01:20:02] No races to process at this time
[2025-06-15 01:20:02] Enhanced Quick Race Engine completed
[2025-06-15 01:25:03] Enhanced Quick Race Engine started
[2025-06-15 01:25:03] Enhanced race tables created/verified
[2025-06-15 01:25:03] No races to process at this time
[2025-06-15 01:25:03] Enhanced Quick Race Engine completed
[2025-06-15 01:30:04] Enhanced Quick Race Engine started
[2025-06-15 01:30:05] Enhanced race tables created/verified
[2025-06-15 01:30:05] No races to process at this time
[2025-06-15 01:30:05] Enhanced Quick Race Engine completed
[2025-06-15 01:35:04] Enhanced Quick Race Engine started
[2025-06-15 01:35:04] Enhanced race tables created/verified
[2025-06-15 01:35:04] No races to process at this time
[2025-06-15 01:35:04] Enhanced Quick Race Engine completed
[2025-06-15 01:40:04] Enhanced Quick Race Engine started
[2025-06-15 01:40:04] Enhanced race tables created/verified
[2025-06-15 01:40:04] No races to process at this time
[2025-06-15 01:40:04] Enhanced Quick Race Engine completed
[2025-06-15 01:45:03] Enhanced Quick Race Engine started
[2025-06-15 01:45:03] Enhanced race tables created/verified
[2025-06-15 01:45:03] No races to process at this time
[2025-06-15 01:45:03] Enhanced Quick Race Engine completed
[2025-06-15 01:50:03] Enhanced Quick Race Engine started
[2025-06-15 01:50:03] Enhanced race tables created/verified
[2025-06-15 01:50:03] No races to process at this time
[2025-06-15 01:50:03] Enhanced Quick Race Engine completed
[2025-06-15 01:55:03] Enhanced Quick Race Engine started
[2025-06-15 01:55:03] Enhanced race tables created/verified
[2025-06-15 01:55:03] No races to process at this time
[2025-06-15 01:55:03] Enhanced Quick Race Engine completed
[2025-06-15 02:00:05] Enhanced Quick Race Engine started
[2025-06-15 02:00:05] Enhanced race tables created/verified
[2025-06-15 02:00:05] No races to process at this time
[2025-06-15 02:00:05] Enhanced Quick Race Engine completed
[2025-06-15 02:05:04] Enhanced Quick Race Engine started
[2025-06-15 02:05:04] Enhanced race tables created/verified
[2025-06-15 02:05:04] No races to process at this time
[2025-06-15 02:05:04] Enhanced Quick Race Engine completed
[2025-06-15 02:10:02] Enhanced Quick Race Engine started
[2025-06-15 02:10:02] Enhanced race tables created/verified
[2025-06-15 02:10:02] No races to process at this time
[2025-06-15 02:10:02] Enhanced Quick Race Engine completed
[2025-06-15 02:15:05] Enhanced Quick Race Engine started
[2025-06-15 02:15:05] Enhanced race tables created/verified
[2025-06-15 02:15:05] No races to process at this time
[2025-06-15 02:15:05] Enhanced Quick Race Engine completed
[2025-06-15 02:20:03] Enhanced Quick Race Engine started
[2025-06-15 02:20:03] Enhanced race tables created/verified
[2025-06-15 02:20:03] No races to process at this time
[2025-06-15 02:20:03] Enhanced Quick Race Engine completed
[2025-06-15 02:25:03] Enhanced Quick Race Engine started
[2025-06-15 02:25:03] Enhanced race tables created/verified
[2025-06-15 02:25:03] No races to process at this time
[2025-06-15 02:25:03] Enhanced Quick Race Engine completed
[2025-06-15 02:30:10] Enhanced Quick Race Engine started
[2025-06-15 02:30:11] Enhanced race tables created/verified
[2025-06-15 02:30:11] No races to process at this time
[2025-06-15 02:30:11] Enhanced Quick Race Engine completed
[2025-06-15 02:35:04] Enhanced Quick Race Engine started
[2025-06-15 02:35:04] Enhanced race tables created/verified
[2025-06-15 02:35:04] No races to process at this time
[2025-06-15 02:35:04] Enhanced Quick Race Engine completed
[2025-06-15 02:40:04] Enhanced Quick Race Engine started
[2025-06-15 02:40:04] Enhanced race tables created/verified
[2025-06-15 02:40:04] No races to process at this time
[2025-06-15 02:40:04] Enhanced Quick Race Engine completed
[2025-06-15 02:45:04] Enhanced Quick Race Engine started
[2025-06-15 02:45:04] Enhanced race tables created/verified
[2025-06-15 02:45:04] No races to process at this time
[2025-06-15 02:45:04] Enhanced Quick Race Engine completed
[2025-06-15 02:50:02] Enhanced Quick Race Engine started
[2025-06-15 02:50:03] Enhanced race tables created/verified
[2025-06-15 02:50:03] No races to process at this time
[2025-06-15 02:50:03] Enhanced Quick Race Engine completed
[2025-06-15 02:55:04] Enhanced Quick Race Engine started
[2025-06-15 02:55:04] Enhanced race tables created/verified
[2025-06-15 02:55:04] No races to process at this time
[2025-06-15 02:55:04] Enhanced Quick Race Engine completed
[2025-06-15 03:00:03] Enhanced Quick Race Engine started
[2025-06-15 03:00:04] Enhanced race tables created/verified
[2025-06-15 03:00:04] No races to process at this time
[2025-06-15 03:00:04] Enhanced Quick Race Engine completed
[2025-06-15 03:05:04] Enhanced Quick Race Engine started
[2025-06-15 03:05:04] Enhanced race tables created/verified
[2025-06-15 03:05:04] No races to process at this time
[2025-06-15 03:05:04] Enhanced Quick Race Engine completed
[2025-06-15 03:10:03] Enhanced Quick Race Engine started
[2025-06-15 03:10:03] Enhanced race tables created/verified
[2025-06-15 03:10:03] No races to process at this time
[2025-06-15 03:10:03] Enhanced Quick Race Engine completed
[2025-06-15 03:15:05] Enhanced Quick Race Engine started
[2025-06-15 03:15:05] Enhanced race tables created/verified
[2025-06-15 03:15:05] No races to process at this time
[2025-06-15 03:15:05] Enhanced Quick Race Engine completed
[2025-06-15 03:20:03] Enhanced Quick Race Engine started
[2025-06-15 03:20:03] Enhanced race tables created/verified
[2025-06-15 03:20:03] No races to process at this time
[2025-06-15 03:20:03] Enhanced Quick Race Engine completed
[2025-06-15 03:25:04] Enhanced Quick Race Engine started
[2025-06-15 03:25:04] Enhanced race tables created/verified
[2025-06-15 03:25:04] No races to process at this time
[2025-06-15 03:25:04] Enhanced Quick Race Engine completed
[2025-06-15 03:30:05] Enhanced Quick Race Engine started
[2025-06-15 03:30:06] Enhanced race tables created/verified
[2025-06-15 03:30:06] No races to process at this time
[2025-06-15 03:30:06] Enhanced Quick Race Engine completed
[2025-06-15 03:35:03] Enhanced Quick Race Engine started
[2025-06-15 03:35:03] Enhanced race tables created/verified
[2025-06-15 03:35:03] No races to process at this time
[2025-06-15 03:35:03] Enhanced Quick Race Engine completed
[2025-06-15 03:40:03] Enhanced Quick Race Engine started
[2025-06-15 03:40:03] Enhanced race tables created/verified
[2025-06-15 03:40:03] No races to process at this time
[2025-06-15 03:40:03] Enhanced Quick Race Engine completed
[2025-06-15 03:45:04] Enhanced Quick Race Engine started
[2025-06-15 03:45:05] Enhanced race tables created/verified
[2025-06-15 03:45:05] No races to process at this time
[2025-06-15 03:45:05] Enhanced Quick Race Engine completed
[2025-06-15 03:50:03] Enhanced Quick Race Engine started
[2025-06-15 03:50:03] Enhanced race tables created/verified
[2025-06-15 03:50:03] No races to process at this time
[2025-06-15 03:50:03] Enhanced Quick Race Engine completed
[2025-06-15 03:55:03] Enhanced Quick Race Engine started
[2025-06-15 03:55:03] Enhanced race tables created/verified
[2025-06-15 03:55:03] No races to process at this time
[2025-06-15 03:55:03] Enhanced Quick Race Engine completed
[2025-06-15 04:00:05] Enhanced Quick Race Engine started
[2025-06-15 04:00:05] Enhanced race tables created/verified
[2025-06-15 04:00:05] No races to process at this time
[2025-06-15 04:00:05] Running daily horse recovery
[2025-06-15 04:00:05] Daily recovery completed
[2025-06-15 04:00:05] Enhanced Quick Race Engine completed
[2025-06-15 04:05:03] Enhanced Quick Race Engine started
[2025-06-15 04:05:03] Enhanced race tables created/verified
[2025-06-15 04:05:03] No races to process at this time
[2025-06-15 04:05:03] Enhanced Quick Race Engine completed
[2025-06-15 04:10:03] Enhanced Quick Race Engine started
[2025-06-15 04:10:03] Enhanced race tables created/verified
[2025-06-15 04:10:03] No races to process at this time
[2025-06-15 04:10:03] Enhanced Quick Race Engine completed
[2025-06-15 04:15:04] Enhanced Quick Race Engine started
[2025-06-15 04:15:04] Enhanced race tables created/verified
[2025-06-15 04:15:04] No races to process at this time
[2025-06-15 04:15:04] Enhanced Quick Race Engine completed
[2025-06-15 04:20:03] Enhanced Quick Race Engine started
[2025-06-15 04:20:03] Enhanced race tables created/verified
[2025-06-15 04:20:03] No races to process at this time
[2025-06-15 04:20:03] Enhanced Quick Race Engine completed
[2025-06-15 04:25:02] Enhanced Quick Race Engine started
[2025-06-15 04:25:02] Enhanced race tables created/verified
[2025-06-15 04:25:02] No races to process at this time
[2025-06-15 04:25:02] Enhanced Quick Race Engine completed
[2025-06-15 04:30:04] Enhanced Quick Race Engine started
[2025-06-15 04:30:05] Enhanced race tables created/verified
[2025-06-15 04:30:05] No races to process at this time
[2025-06-15 04:30:05] Enhanced Quick Race Engine completed
[2025-06-15 04:35:03] Enhanced Quick Race Engine started
[2025-06-15 04:35:03] Enhanced race tables created/verified
[2025-06-15 04:35:03] No races to process at this time
[2025-06-15 04:35:03] Enhanced Quick Race Engine completed
[2025-06-15 04:40:03] Enhanced Quick Race Engine started
[2025-06-15 04:40:03] Enhanced race tables created/verified
[2025-06-15 04:40:03] No races to process at this time
[2025-06-15 04:40:03] Enhanced Quick Race Engine completed
[2025-06-15 04:45:04] Enhanced Quick Race Engine started
[2025-06-15 04:45:05] Enhanced race tables created/verified
[2025-06-15 04:45:05] No races to process at this time
[2025-06-15 04:45:05] Enhanced Quick Race Engine completed
[2025-06-15 04:50:02] Enhanced Quick Race Engine started
[2025-06-15 04:50:02] Enhanced race tables created/verified
[2025-06-15 04:50:02] No races to process at this time
[2025-06-15 04:50:02] Enhanced Quick Race Engine completed
[2025-06-15 04:55:03] Enhanced Quick Race Engine started
[2025-06-15 04:55:03] Enhanced race tables created/verified
[2025-06-15 04:55:03] No races to process at this time
[2025-06-15 04:55:03] Enhanced Quick Race Engine completed
[2025-06-15 05:00:05] Enhanced Quick Race Engine started
[2025-06-15 05:00:05] Enhanced race tables created/verified
[2025-06-15 05:00:05] No races to process at this time
[2025-06-15 05:00:05] Enhanced Quick Race Engine completed
[2025-06-15 05:05:04] Enhanced Quick Race Engine started
[2025-06-15 05:05:04] Enhanced race tables created/verified
[2025-06-15 05:05:04] No races to process at this time
[2025-06-15 05:05:04] Enhanced Quick Race Engine completed
[2025-06-15 05:10:03] Enhanced Quick Race Engine started
[2025-06-15 05:10:03] Enhanced race tables created/verified
[2025-06-15 05:10:03] No races to process at this time
[2025-06-15 05:10:03] Enhanced Quick Race Engine completed
[2025-06-15 05:15:05] Enhanced Quick Race Engine started
[2025-06-15 05:15:05] Enhanced race tables created/verified
[2025-06-15 05:15:05] No races to process at this time
[2025-06-15 05:15:05] Enhanced Quick Race Engine completed
[2025-06-15 05:20:03] Enhanced Quick Race Engine started
[2025-06-15 05:20:03] Enhanced race tables created/verified
[2025-06-15 05:20:03] No races to process at this time
[2025-06-15 05:20:03] Enhanced Quick Race Engine completed
[2025-06-15 05:25:03] Enhanced Quick Race Engine started
[2025-06-15 05:25:03] Enhanced race tables created/verified
[2025-06-15 05:25:03] No races to process at this time
[2025-06-15 05:25:03] Enhanced Quick Race Engine completed
[2025-06-15 05:30:05] Enhanced Quick Race Engine started
[2025-06-15 05:30:05] Enhanced race tables created/verified
[2025-06-15 05:30:05] No races to process at this time
[2025-06-15 05:30:05] Enhanced Quick Race Engine completed
[2025-06-15 05:35:03] Enhanced Quick Race Engine started
[2025-06-15 05:35:03] Enhanced race tables created/verified
[2025-06-15 05:35:03] No races to process at this time
[2025-06-15 05:35:03] Enhanced Quick Race Engine completed
[2025-06-15 05:40:03] Enhanced Quick Race Engine started
[2025-06-15 05:40:03] Enhanced race tables created/verified
[2025-06-15 05:40:03] No races to process at this time
[2025-06-15 05:40:03] Enhanced Quick Race Engine completed
[2025-06-15 05:45:04] Enhanced Quick Race Engine started
[2025-06-15 05:45:04] Enhanced race tables created/verified
[2025-06-15 05:45:04] No races to process at this time
[2025-06-15 05:45:04] Enhanced Quick Race Engine completed
[2025-06-15 05:50:04] Enhanced Quick Race Engine started
[2025-06-15 05:50:04] Enhanced race tables created/verified
[2025-06-15 05:50:04] No races to process at this time
[2025-06-15 05:50:04] Enhanced Quick Race Engine completed
[2025-06-15 05:55:03] Enhanced Quick Race Engine started
[2025-06-15 05:55:03] Enhanced race tables created/verified
[2025-06-15 05:55:03] No races to process at this time
[2025-06-15 05:55:03] Enhanced Quick Race Engine completed
[2025-06-15 06:00:04] Enhanced Quick Race Engine started
[2025-06-15 06:00:05] Enhanced race tables created/verified
[2025-06-15 06:00:05] No races to process at this time
[2025-06-15 06:00:05] Enhanced Quick Race Engine completed
[2025-06-15 06:05:04] Enhanced Quick Race Engine started
[2025-06-15 06:05:04] Enhanced race tables created/verified
[2025-06-15 06:05:04] No races to process at this time
[2025-06-15 06:05:04] Enhanced Quick Race Engine completed
[2025-06-15 06:10:04] Enhanced Quick Race Engine started
[2025-06-15 06:10:04] Enhanced race tables created/verified
[2025-06-15 06:10:04] No races to process at this time
[2025-06-15 06:10:04] Enhanced Quick Race Engine completed
[2025-06-15 06:15:04] Enhanced Quick Race Engine started
[2025-06-15 06:15:06] Enhanced race tables created/verified
[2025-06-15 06:15:06] No races to process at this time
[2025-06-15 06:15:06] Enhanced Quick Race Engine completed
[2025-06-15 06:20:02] Enhanced Quick Race Engine started
[2025-06-15 06:20:02] Enhanced race tables created/verified
[2025-06-15 06:20:02] No races to process at this time
[2025-06-15 06:20:02] Enhanced Quick Race Engine completed
[2025-06-15 06:25:02] Enhanced Quick Race Engine started
[2025-06-15 06:25:02] Enhanced race tables created/verified
[2025-06-15 06:25:02] No races to process at this time
[2025-06-15 06:25:02] Enhanced Quick Race Engine completed
[2025-06-15 06:30:04] Enhanced Quick Race Engine started
[2025-06-15 06:30:04] Enhanced race tables created/verified
[2025-06-15 06:30:04] No races to process at this time
[2025-06-15 06:30:04] Enhanced Quick Race Engine completed
[2025-06-15 06:35:03] Enhanced Quick Race Engine started
[2025-06-15 06:35:03] Enhanced race tables created/verified
[2025-06-15 06:35:03] No races to process at this time
[2025-06-15 06:35:03] Enhanced Quick Race Engine completed
[2025-06-15 06:40:04] Enhanced Quick Race Engine started
[2025-06-15 06:40:04] Enhanced race tables created/verified
[2025-06-15 06:40:04] No races to process at this time
[2025-06-15 06:40:04] Enhanced Quick Race Engine completed
[2025-06-15 06:45:03] Enhanced Quick Race Engine started
[2025-06-15 06:45:04] Enhanced race tables created/verified
[2025-06-15 06:45:04] No races to process at this time
[2025-06-15 06:45:04] Enhanced Quick Race Engine completed
[2025-06-15 06:50:03] Enhanced Quick Race Engine started
[2025-06-15 06:50:03] Enhanced race tables created/verified
[2025-06-15 06:50:03] No races to process at this time
[2025-06-15 06:50:03] Enhanced Quick Race Engine completed
[2025-06-15 06:55:02] Enhanced Quick Race Engine started
[2025-06-15 06:55:02] Enhanced race tables created/verified
[2025-06-15 06:55:02] No races to process at this time
[2025-06-15 06:55:02] Enhanced Quick Race Engine completed
[2025-06-15 07:00:04] Enhanced Quick Race Engine started
[2025-06-15 07:00:05] Enhanced race tables created/verified
[2025-06-15 07:00:05] No races to process at this time
[2025-06-15 07:00:05] Enhanced Quick Race Engine completed
[2025-06-15 07:05:03] Enhanced Quick Race Engine started
[2025-06-15 07:05:03] Enhanced race tables created/verified
[2025-06-15 07:05:03] No races to process at this time
[2025-06-15 07:05:03] Enhanced Quick Race Engine completed
[2025-06-15 07:10:04] Enhanced Quick Race Engine started
[2025-06-15 07:10:04] Enhanced race tables created/verified
[2025-06-15 07:10:04] No races to process at this time
[2025-06-15 07:10:04] Enhanced Quick Race Engine completed
[2025-06-15 07:15:04] Enhanced Quick Race Engine started
[2025-06-15 07:15:04] Enhanced race tables created/verified
[2025-06-15 07:15:04] No races to process at this time
[2025-06-15 07:15:04] Enhanced Quick Race Engine completed
[2025-06-15 07:20:03] Enhanced Quick Race Engine started
[2025-06-15 07:20:03] Enhanced race tables created/verified
[2025-06-15 07:20:03] No races to process at this time
[2025-06-15 07:20:03] Enhanced Quick Race Engine completed
[2025-06-15 07:25:03] Enhanced Quick Race Engine started
[2025-06-15 07:25:03] Enhanced race tables created/verified
[2025-06-15 07:25:03] No races to process at this time
[2025-06-15 07:25:03] Enhanced Quick Race Engine completed
[2025-06-15 07:30:03] Enhanced Quick Race Engine started
[2025-06-15 07:30:04] Enhanced race tables created/verified
[2025-06-15 07:30:04] No races to process at this time
[2025-06-15 07:30:04] Enhanced Quick Race Engine completed
[2025-06-15 07:35:02] Enhanced Quick Race Engine started
[2025-06-15 07:35:02] Enhanced race tables created/verified
[2025-06-15 07:35:02] No races to process at this time
[2025-06-15 07:35:02] Enhanced Quick Race Engine completed
[2025-06-15 07:40:03] Enhanced Quick Race Engine started
[2025-06-15 07:40:03] Enhanced race tables created/verified
[2025-06-15 07:40:03] No races to process at this time
[2025-06-15 07:40:03] Enhanced Quick Race Engine completed
[2025-06-15 07:45:04] Enhanced Quick Race Engine started
[2025-06-15 07:45:05] Enhanced race tables created/verified
[2025-06-15 07:45:05] No races to process at this time
[2025-06-15 07:45:05] Enhanced Quick Race Engine completed
[2025-06-15 07:50:04] Enhanced Quick Race Engine started
[2025-06-15 07:50:04] Enhanced race tables created/verified
[2025-06-15 07:50:04] No races to process at this time
[2025-06-15 07:50:04] Enhanced Quick Race Engine completed
[2025-06-15 07:55:04] Enhanced Quick Race Engine started
[2025-06-15 07:55:04] Enhanced race tables created/verified
[2025-06-15 07:55:04] No races to process at this time
[2025-06-15 07:55:04] Enhanced Quick Race Engine completed
[2025-06-15 08:00:04] Enhanced Quick Race Engine started
[2025-06-15 08:00:04] Enhanced race tables created/verified
[2025-06-15 08:00:04] No races to process at this time
[2025-06-15 08:00:04] Enhanced Quick Race Engine completed
[2025-06-15 08:05:03] Enhanced Quick Race Engine started
[2025-06-15 08:05:03] Enhanced race tables created/verified
[2025-06-15 08:05:03] No races to process at this time
[2025-06-15 08:05:03] Enhanced Quick Race Engine completed
[2025-06-15 08:10:02] Enhanced Quick Race Engine started
[2025-06-15 08:10:02] Enhanced race tables created/verified
[2025-06-15 08:10:02] No races to process at this time
[2025-06-15 08:10:02] Enhanced Quick Race Engine completed
[2025-06-15 08:15:04] Enhanced Quick Race Engine started
[2025-06-15 08:15:05] Enhanced race tables created/verified
[2025-06-15 08:15:05] No races to process at this time
[2025-06-15 08:15:05] Enhanced Quick Race Engine completed
[2025-06-15 08:20:03] Enhanced Quick Race Engine started
[2025-06-15 08:20:03] Enhanced race tables created/verified
[2025-06-15 08:20:03] No races to process at this time
[2025-06-15 08:20:03] Enhanced Quick Race Engine completed
[2025-06-15 08:25:04] Enhanced Quick Race Engine started
[2025-06-15 08:25:04] Enhanced race tables created/verified
[2025-06-15 08:25:04] No races to process at this time
[2025-06-15 08:25:04] Enhanced Quick Race Engine completed
[2025-06-15 08:30:04] Enhanced Quick Race Engine started
[2025-06-15 08:30:05] Enhanced race tables created/verified
[2025-06-15 08:30:05] No races to process at this time
[2025-06-15 08:30:05] Enhanced Quick Race Engine completed
[2025-06-15 08:35:04] Enhanced Quick Race Engine started
[2025-06-15 08:35:04] Enhanced race tables created/verified
[2025-06-15 08:35:04] No races to process at this time
[2025-06-15 08:35:04] Enhanced Quick Race Engine completed
[2025-06-15 08:40:03] Enhanced Quick Race Engine started
[2025-06-15 08:40:03] Enhanced race tables created/verified
[2025-06-15 08:40:03] No races to process at this time
[2025-06-15 08:40:03] Enhanced Quick Race Engine completed
[2025-06-15 08:45:06] Enhanced Quick Race Engine started
[2025-06-15 08:45:06] Enhanced race tables created/verified
[2025-06-15 08:45:06] No races to process at this time
[2025-06-15 08:45:06] Enhanced Quick Race Engine completed
[2025-06-15 08:50:02] Enhanced Quick Race Engine started
[2025-06-15 08:50:02] Enhanced race tables created/verified
[2025-06-15 08:50:02] No races to process at this time
[2025-06-15 08:50:02] Enhanced Quick Race Engine completed
[2025-06-15 08:55:04] Enhanced Quick Race Engine started
[2025-06-15 08:55:04] Enhanced race tables created/verified
[2025-06-15 08:55:04] No races to process at this time
[2025-06-15 08:55:04] Enhanced Quick Race Engine completed
[2025-06-15 09:00:04] Enhanced Quick Race Engine started
[2025-06-15 09:00:04] Enhanced race tables created/verified
[2025-06-15 09:00:04] No races to process at this time
[2025-06-15 09:00:04] Enhanced Quick Race Engine completed
[2025-06-15 09:05:03] Enhanced Quick Race Engine started
[2025-06-15 09:05:03] Enhanced race tables created/verified
[2025-06-15 09:05:03] No races to process at this time
[2025-06-15 09:05:03] Enhanced Quick Race Engine completed
[2025-06-15 09:10:03] Enhanced Quick Race Engine started
[2025-06-15 09:10:03] Enhanced race tables created/verified
[2025-06-15 09:10:03] No races to process at this time
[2025-06-15 09:10:03] Enhanced Quick Race Engine completed
[2025-06-15 09:15:04] Enhanced Quick Race Engine started
[2025-06-15 09:15:05] Enhanced race tables created/verified
[2025-06-15 09:15:05] No races to process at this time
[2025-06-15 09:15:05] Enhanced Quick Race Engine completed
[2025-06-15 09:20:02] Enhanced Quick Race Engine started
[2025-06-15 09:20:02] Enhanced race tables created/verified
[2025-06-15 09:20:02] No races to process at this time
[2025-06-15 09:20:02] Enhanced Quick Race Engine completed
[2025-06-15 09:25:04] Enhanced Quick Race Engine started
[2025-06-15 09:25:04] Enhanced race tables created/verified
[2025-06-15 09:25:04] No races to process at this time
[2025-06-15 09:25:04] Enhanced Quick Race Engine completed
[2025-06-15 09:30:03] Enhanced Quick Race Engine started
[2025-06-15 09:30:04] Enhanced race tables created/verified
[2025-06-15 09:30:04] No races to process at this time
[2025-06-15 09:30:04] Enhanced Quick Race Engine completed
[2025-06-15 09:35:04] Enhanced Quick Race Engine started
[2025-06-15 09:35:04] Enhanced race tables created/verified
[2025-06-15 09:35:04] No races to process at this time
[2025-06-15 09:35:04] Enhanced Quick Race Engine completed
[2025-06-15 09:40:04] Enhanced Quick Race Engine started
[2025-06-15 09:40:04] Enhanced race tables created/verified
[2025-06-15 09:40:04] No races to process at this time
[2025-06-15 09:40:04] Enhanced Quick Race Engine completed
[2025-06-15 09:45:04] Enhanced Quick Race Engine started
[2025-06-15 09:45:05] Enhanced race tables created/verified
[2025-06-15 09:45:05] No races to process at this time
[2025-06-15 09:45:05] Enhanced Quick Race Engine completed
[2025-06-15 09:50:03] Enhanced Quick Race Engine started
[2025-06-15 09:50:03] Enhanced race tables created/verified
[2025-06-15 09:50:03] No races to process at this time
[2025-06-15 09:50:03] Enhanced Quick Race Engine completed
[2025-06-15 09:55:02] Enhanced Quick Race Engine started
[2025-06-15 09:55:02] Enhanced race tables created/verified
[2025-06-15 09:55:02] No races to process at this time
[2025-06-15 09:55:02] Enhanced Quick Race Engine completed
[2025-06-15 10:00:04] Enhanced Quick Race Engine started
[2025-06-15 10:00:05] Enhanced race tables created/verified
[2025-06-15 10:00:05] No races to process at this time
[2025-06-15 10:00:05] Enhanced Quick Race Engine completed
[2025-06-15 10:05:04] Enhanced Quick Race Engine started
[2025-06-15 10:05:05] Enhanced race tables created/verified
[2025-06-15 10:05:05] No races to process at this time
[2025-06-15 10:05:05] Enhanced Quick Race Engine completed
[2025-06-15 10:10:02] Enhanced Quick Race Engine started
[2025-06-15 10:10:02] Enhanced race tables created/verified
[2025-06-15 10:10:02] No races to process at this time
[2025-06-15 10:10:02] Enhanced Quick Race Engine completed
[2025-06-15 10:15:05] Enhanced Quick Race Engine started
[2025-06-15 10:15:05] Enhanced race tables created/verified
[2025-06-15 10:15:05] No races to process at this time
[2025-06-15 10:15:05] Enhanced Quick Race Engine completed
[2025-06-15 10:20:02] Enhanced Quick Race Engine started
[2025-06-15 10:20:02] Enhanced race tables created/verified
[2025-06-15 10:20:02] No races to process at this time
[2025-06-15 10:20:02] Enhanced Quick Race Engine completed
[2025-06-15 10:25:04] Enhanced Quick Race Engine started
[2025-06-15 10:25:04] Enhanced race tables created/verified
[2025-06-15 10:25:04] No races to process at this time
[2025-06-15 10:25:04] Enhanced Quick Race Engine completed
[2025-06-15 10:30:05] Enhanced Quick Race Engine started
[2025-06-15 10:30:05] Enhanced race tables created/verified
[2025-06-15 10:30:05] No races to process at this time
[2025-06-15 10:30:05] Enhanced Quick Race Engine completed
[2025-06-15 10:35:03] Enhanced Quick Race Engine started
[2025-06-15 10:35:03] Enhanced race tables created/verified
[2025-06-15 10:35:03] No races to process at this time
[2025-06-15 10:35:03] Enhanced Quick Race Engine completed
[2025-06-15 10:40:02] Enhanced Quick Race Engine started
[2025-06-15 10:40:02] Enhanced race tables created/verified
[2025-06-15 10:40:02] No races to process at this time
[2025-06-15 10:40:02] Enhanced Quick Race Engine completed
[2025-06-15 10:45:05] Enhanced Quick Race Engine started
[2025-06-15 10:45:06] Enhanced race tables created/verified
[2025-06-15 10:45:06] No races to process at this time
[2025-06-15 10:45:06] Enhanced Quick Race Engine completed
[2025-06-15 10:50:02] Enhanced Quick Race Engine started
[2025-06-15 10:50:02] Enhanced race tables created/verified
[2025-06-15 10:50:02] No races to process at this time
[2025-06-15 10:50:02] Enhanced Quick Race Engine completed
[2025-06-15 10:55:04] Enhanced Quick Race Engine started
[2025-06-15 10:55:04] Enhanced race tables created/verified
[2025-06-15 10:55:04] No races to process at this time
[2025-06-15 10:55:04] Enhanced Quick Race Engine completed
[2025-06-15 11:00:04] Enhanced Quick Race Engine started
[2025-06-15 11:00:04] Enhanced race tables created/verified
[2025-06-15 11:00:04] No races to process at this time
[2025-06-15 11:00:04] Enhanced Quick Race Engine completed
[2025-06-15 11:05:04] Enhanced Quick Race Engine started
[2025-06-15 11:05:04] Enhanced race tables created/verified
[2025-06-15 11:05:04] No races to process at this time
[2025-06-15 11:05:04] Enhanced Quick Race Engine completed
[2025-06-15 11:10:04] Enhanced Quick Race Engine started
[2025-06-15 11:10:04] Enhanced race tables created/verified
[2025-06-15 11:10:04] No races to process at this time
[2025-06-15 11:10:04] Enhanced Quick Race Engine completed
[2025-06-15 11:15:04] Enhanced Quick Race Engine started
[2025-06-15 11:15:05] Enhanced race tables created/verified
[2025-06-15 11:15:05] No races to process at this time
[2025-06-15 11:15:05] Enhanced Quick Race Engine completed
